[debug] [2021-08-18T13:09:13.543Z] ----------------------------------------------------------------------
[debug] [2021-08-18T13:09:13.545Z] Command:       /usr/bin/node /usr/bin/firebase emulators:start
[debug] [2021-08-18T13:09:13.545Z] CLI Version:   9.16.3
[debug] [2021-08-18T13:09:13.545Z] Platform:      linux
[debug] [2021-08-18T13:09:13.546Z] Node Version:  v12.22.5
[debug] [2021-08-18T13:09:13.546Z] Time:          Wed Aug 18 2021 14:09:13 GMT+0100 (British Summer Time)
[debug] [2021-08-18T13:09:13.546Z] ----------------------------------------------------------------------
[debug] 
[debug] [2021-08-18T13:09:13.607Z] > command requires scopes: ["email","openid","https://www.googleapis.com/auth/cloudplatformprojects.readonly","https://www.googleapis.com/auth/firebase","https://www.googleapis.com/auth/cloud-platform"]
[debug] [2021-08-18T13:09:13.607Z] > authorizing via signed-in user (sadat0akhtar@gmail.com)
[info] i  emulators: Starting emulators: functions, hosting {"metadata":{"emulator":{"name":"hub"},"message":"Starting emulators: functions, hosting"}}
[warn] ⚠  emulators: It seems that you are running multiple instances of the emulator suite for project clone-76120. This may result in unexpected behavior. 
[debug] [2021-08-18T13:09:13.627Z] [hub] writing locator at /tmp/hub-clone-76120.json
[warn] ⚠  functions: The following emulators are not running, calls to these services from the Functions emulator will affect production: auth, firestore, database, pubsub, storage {"metadata":{"emulator":{"name":"functions"},"message":"The following emulators are not running, calls to these services from the Functions emulator will affect production: \u001b[1mauth, firestore, database, pubsub, storage\u001b[22m"}}
[warn] ⚠  Your requested "node" version "14" doesn't match your global version "12" {"metadata":{"emulator":{"name":"functions"},"message":"Your requested \"node\" version \"14\" doesn't match your global version \"12\""}}
[debug] [2021-08-18T13:09:13.674Z] defaultcredentials: writing to file /home/sadat/.config/firebase/sadat0akhtar_gmail_com_application_default_credentials.json
[debug] [2021-08-18T13:09:13.678Z] Setting GAC to /home/sadat/.config/firebase/sadat0akhtar_gmail_com_application_default_credentials.json {"metadata":{"emulator":{"name":"functions"},"message":"Setting GAC to /home/sadat/.config/firebase/sadat0akhtar_gmail_com_application_default_credentials.json"}}
[debug] [2021-08-18T13:09:13.681Z] >>> [apiv2][query] GET https://firebase.googleapis.com/v1beta1/projects/clone-76120/adminSdkConfig [none]
[debug] [2021-08-18T13:09:14.040Z] <<< [apiv2][status] GET https://firebase.googleapis.com/v1beta1/projects/clone-76120/adminSdkConfig 200
[debug] [2021-08-18T13:09:14.040Z] <<< [apiv2][body] GET https://firebase.googleapis.com/v1beta1/projects/clone-76120/adminSdkConfig {"projectId":"clone-76120","storageBucket":"clone-76120.appspot.com"}
[debug] [2021-08-18T13:09:14.079Z] >>> [apiv2][query] GET https://firebasehosting.googleapis.com/v1beta1/projects/clone-76120/sites 
[debug] [2021-08-18T13:09:14.886Z] <<< [apiv2][status] GET https://firebasehosting.googleapis.com/v1beta1/projects/clone-76120/sites 200
[debug] [2021-08-18T13:09:14.886Z] <<< [apiv2][body] GET https://firebasehosting.googleapis.com/v1beta1/projects/clone-76120/sites {"sites":[{"name":"projects/354383344870/sites/clone-76120","defaultUrl":"https://clone-76120.web.app","appId":"1:354383344870:web:67951166e9252b5aec7727","type":"DEFAULT_SITE"}]}
[debug] [2021-08-18T13:09:14.887Z] >>> [apiv2][query] GET https://firebase.googleapis.com/v1beta1/projects/clone-76120/webApps/1:354383344870:web:67951166e9252b5aec7727/config [none]
[debug] [2021-08-18T13:09:15.750Z] <<< [apiv2][status] GET https://firebase.googleapis.com/v1beta1/projects/clone-76120/webApps/1:354383344870:web:67951166e9252b5aec7727/config 200
[debug] [2021-08-18T13:09:15.751Z] <<< [apiv2][body] GET https://firebase.googleapis.com/v1beta1/projects/clone-76120/webApps/1:354383344870:web:67951166e9252b5aec7727/config {"projectId":"clone-76120","appId":"1:354383344870:web:67951166e9252b5aec7727","storageBucket":"clone-76120.appspot.com","apiKey":"AIzaSyDDPivMdaJFTfMI8cJ4XNdbGNHjUv3nPsI","authDomain":"clone-76120.firebaseapp.com","messagingSenderId":"354383344870","measurementId":"G-WY3KR9E2Y4"}
[info] i  hosting: Serving hosting files from: build {"metadata":{"emulator":{"name":"hosting"},"message":"Serving hosting files from: \u001b[1mbuild\u001b[22m"}}
[info] ✔  hosting: Local server: http://localhost:5000 {"metadata":{"emulator":{"name":"hosting"},"message":"Local server: \u001b[4m\u001b[1mhttp://localhost:5000\u001b[22m\u001b[24m"}}
[debug] [2021-08-18T13:09:15.805Z] Ignoring unsupported arg: auto_download {"metadata":{"emulator":{"name":"ui"},"message":"Ignoring unsupported arg: auto_download"}}
[debug] [2021-08-18T13:09:15.806Z] Ignoring unsupported arg: port {"metadata":{"emulator":{"name":"ui"},"message":"Ignoring unsupported arg: port"}}
[debug] [2021-08-18T13:09:15.806Z] Starting Emulator UI with command {"binary":"node","args":["/home/sadat/.cache/firebase/emulators/ui-v1.6.2/server.bundle.js"],"optionalArgs":[],"joinArgs":false} {"metadata":{"emulator":{"name":"ui"},"message":"Starting Emulator UI with command {\"binary\":\"node\",\"args\":[\"/home/sadat/.cache/firebase/emulators/ui-v1.6.2/server.bundle.js\"],\"optionalArgs\":[],\"joinArgs\":false}"}}
[info] i  ui: Emulator UI logging to ui-debug.log {"metadata":{"emulator":{"name":"ui"},"message":"Emulator UI logging to \u001b[1mui-debug.log\u001b[22m"}}
[debug] [2021-08-18T13:09:15.907Z] Web / API server started at localhost:4000
 {"metadata":{"emulator":{"name":"ui"},"message":"Web / API server started at localhost:4000\n"}}
[info] i  functions: Watching "/home/sadat/Desktop/Projects/React/amazon-clone/amazon-clone/functions" for Cloud Functions... {"metadata":{"emulator":{"name":"functions"},"message":"Watching \"/home/sadat/Desktop/Projects/React/amazon-clone/amazon-clone/functions\" for Cloud Functions..."}}
[debug] [2021-08-18T13:09:16.086Z] [worker-pool] addWorker(~diagnostic~) {"metadata":{"emulator":{"name":"functions"},"message":"[worker-pool] addWorker(~diagnostic~)"}}
[debug] [2021-08-18T13:09:16.086Z] [worker-pool] Adding worker with key ~diagnostic~, total=1 {"metadata":{"emulator":{"name":"functions"},"message":"[worker-pool] Adding worker with key ~diagnostic~, total=1"}}
[debug] [2021-08-18T13:09:16.087Z] [worker-pool] submitWork(triggerId=) {"metadata":{"emulator":{"name":"functions"},"message":"[worker-pool] submitWork(triggerId=)"}}
[debug] [2021-08-18T13:09:16.087Z] [worker-~diagnostic~-688fea37-0fd8-46b9-bc8a-2da9b9bb0aac]: Assigning socketPath: /tmp/fire_emu_42875.sock {"metadata":{"emulator":{"name":"functions"},"message":"[worker-~diagnostic~-688fea37-0fd8-46b9-bc8a-2da9b9bb0aac]: Assigning socketPath: /tmp/fire_emu_42875.sock"}}
[debug] [2021-08-18T13:09:16.087Z] [worker-~diagnostic~-688fea37-0fd8-46b9-bc8a-2da9b9bb0aac]: BUSY {"metadata":{"emulator":{"name":"functions"},"message":"[worker-~diagnostic~-688fea37-0fd8-46b9-bc8a-2da9b9bb0aac]: BUSY"}}
[debug] [2021-08-18T13:09:16.351Z] [runtime-status] [42875] Functions runtime initialized. {"cwd":"/home/sadat/Desktop/Projects/React/amazon-clone/amazon-clone/functions","node_version":"12.22.5"} {"metadata":{"emulator":{"name":"functions"},"message":"[runtime-status] [42875] Functions runtime initialized. {\"cwd\":\"/home/sadat/Desktop/Projects/React/amazon-clone/amazon-clone/functions\",\"node_version\":\"12.22.5\"}"}}
[debug] [2021-08-18T13:09:16.352Z] [runtime-status] [42875] Disabled runtime features: undefined {"metadata":{"emulator":{"name":"functions"},"message":"[runtime-status] [42875] Disabled runtime features: undefined"}}
[debug] [2021-08-18T13:09:16.355Z] [runtime-status] [42875] Resolved module firebase-admin {"declared":true,"installed":true,"version":"9.11.0","resolution":"/home/sadat/Desktop/Projects/React/amazon-clone/amazon-clone/functions/node_modules/firebase-admin/lib/index.js"} {"metadata":{"emulator":{"name":"functions"},"message":"[runtime-status] [42875] Resolved module firebase-admin {\"declared\":true,\"installed\":true,\"version\":\"9.11.0\",\"resolution\":\"/home/sadat/Desktop/Projects/React/amazon-clone/amazon-clone/functions/node_modules/firebase-admin/lib/index.js\"}"}}
[debug] [2021-08-18T13:09:16.358Z] [runtime-status] [42875] Resolved module firebase-functions {"declared":true,"installed":true,"version":"3.15.4","resolution":"/home/sadat/Desktop/Projects/React/amazon-clone/amazon-clone/functions/node_modules/firebase-functions/lib/index.js"} {"metadata":{"emulator":{"name":"functions"},"message":"[runtime-status] [42875] Resolved module firebase-functions {\"declared\":true,\"installed\":true,\"version\":\"3.15.4\",\"resolution\":\"/home/sadat/Desktop/Projects/React/amazon-clone/amazon-clone/functions/node_modules/firebase-functions/lib/index.js\"}"}}
[debug] [2021-08-18T13:09:16.359Z] [runtime-status] [42875] Resolved module firebase-functions {"declared":true,"installed":true,"version":"3.15.4","resolution":"/home/sadat/Desktop/Projects/React/amazon-clone/amazon-clone/functions/node_modules/firebase-functions/lib/index.js"} {"metadata":{"emulator":{"name":"functions"},"message":"[runtime-status] [42875] Resolved module firebase-functions {\"declared\":true,\"installed\":true,\"version\":\"3.15.4\",\"resolution\":\"/home/sadat/Desktop/Projects/React/amazon-clone/amazon-clone/functions/node_modules/firebase-functions/lib/index.js\"}"}}
[debug] [2021-08-18T13:09:16.363Z] [runtime-status] [42875] Outgoing network have been stubbed. [{"name":"http","status":"mocked"},{"name":"http","status":"mocked"},{"name":"https","status":"mocked"},{"name":"https","status":"mocked"},{"name":"net","status":"mocked"}] {"metadata":{"emulator":{"name":"functions"},"message":"[runtime-status] [42875] Outgoing network have been stubbed. [{\"name\":\"http\",\"status\":\"mocked\"},{\"name\":\"http\",\"status\":\"mocked\"},{\"name\":\"https\",\"status\":\"mocked\"},{\"name\":\"https\",\"status\":\"mocked\"},{\"name\":\"net\",\"status\":\"mocked\"}]"}}
[debug] [2021-08-18T13:09:16.364Z] [runtime-status] [42875] Resolved module firebase-functions {"declared":true,"installed":true,"version":"3.15.4","resolution":"/home/sadat/Desktop/Projects/React/amazon-clone/amazon-clone/functions/node_modules/firebase-functions/lib/index.js"} {"metadata":{"emulator":{"name":"functions"},"message":"[runtime-status] [42875] Resolved module firebase-functions {\"declared\":true,\"installed\":true,\"version\":\"3.15.4\",\"resolution\":\"/home/sadat/Desktop/Projects/React/amazon-clone/amazon-clone/functions/node_modules/firebase-functions/lib/index.js\"}"}}
[debug] [2021-08-18T13:09:16.399Z] [runtime-status] [42875] Checked functions.config() {"config":{}} {"metadata":{"emulator":{"name":"functions"},"message":"[runtime-status] [42875] Checked functions.config() {\"config\":{}}"}}
[debug] [2021-08-18T13:09:16.400Z] [runtime-status] [42875] firebase-functions has been stubbed. {"functionsResolution":{"declared":true,"installed":true,"version":"3.15.4","resolution":"/home/sadat/Desktop/Projects/React/amazon-clone/amazon-clone/functions/node_modules/firebase-functions/lib/index.js"}} {"metadata":{"emulator":{"name":"functions"},"message":"[runtime-status] [42875] firebase-functions has been stubbed. {\"functionsResolution\":{\"declared\":true,\"installed\":true,\"version\":\"3.15.4\",\"resolution\":\"/home/sadat/Desktop/Projects/React/amazon-clone/amazon-clone/functions/node_modules/firebase-functions/lib/index.js\"}}"}}
[debug] [2021-08-18T13:09:16.400Z] [runtime-status] [42875] Resolved module firebase-functions {"declared":true,"installed":true,"version":"3.15.4","resolution":"/home/sadat/Desktop/Projects/React/amazon-clone/amazon-clone/functions/node_modules/firebase-functions/lib/index.js"} {"metadata":{"emulator":{"name":"functions"},"message":"[runtime-status] [42875] Resolved module firebase-functions {\"declared\":true,\"installed\":true,\"version\":\"3.15.4\",\"resolution\":\"/home/sadat/Desktop/Projects/React/amazon-clone/amazon-clone/functions/node_modules/firebase-functions/lib/index.js\"}"}}
[debug] [2021-08-18T13:09:16.401Z] [runtime-status] [42875] Resolved module firebase-admin {"declared":true,"installed":true,"version":"9.11.0","resolution":"/home/sadat/Desktop/Projects/React/amazon-clone/amazon-clone/functions/node_modules/firebase-admin/lib/index.js"} {"metadata":{"emulator":{"name":"functions"},"message":"[runtime-status] [42875] Resolved module firebase-admin {\"declared\":true,\"installed\":true,\"version\":\"9.11.0\",\"resolution\":\"/home/sadat/Desktop/Projects/React/amazon-clone/amazon-clone/functions/node_modules/firebase-admin/lib/index.js\"}"}}
[debug] [2021-08-18T13:09:16.402Z] [runtime-status] [42875] Resolved module firebase-functions {"declared":true,"installed":true,"version":"3.15.4","resolution":"/home/sadat/Desktop/Projects/React/amazon-clone/amazon-clone/functions/node_modules/firebase-functions/lib/index.js"} {"metadata":{"emulator":{"name":"functions"},"message":"[runtime-status] [42875] Resolved module firebase-functions {\"declared\":true,\"installed\":true,\"version\":\"3.15.4\",\"resolution\":\"/home/sadat/Desktop/Projects/React/amazon-clone/amazon-clone/functions/node_modules/firebase-functions/lib/index.js\"}"}}
[debug] [2021-08-18T13:09:16.402Z] [runtime-status] [42875] firebase-admin has been stubbed. {"adminResolution":{"declared":true,"installed":true,"version":"9.11.0","resolution":"/home/sadat/Desktop/Projects/React/amazon-clone/amazon-clone/functions/node_modules/firebase-admin/lib/index.js"}} {"metadata":{"emulator":{"name":"functions"},"message":"[runtime-status] [42875] firebase-admin has been stubbed. {\"adminResolution\":{\"declared\":true,\"installed\":true,\"version\":\"9.11.0\",\"resolution\":\"/home/sadat/Desktop/Projects/React/amazon-clone/amazon-clone/functions/node_modules/firebase-admin/lib/index.js\"}}"}}
[info] ✔  functions[us-central1-api]: http function initialized (http://localhost:5001/clone-76120/us-central1/api). {"metadata":{"emulator":{"name":"functions"},"message":"\u001b[1mhttp\u001b[22m function initialized (http://localhost:5001/clone-76120/us-central1/api)."}}
[info] 
┌─────────────────────────────────────────────────────────────┐
│ ✔  All emulators ready! It is now safe to connect your app. │
│ i  View Emulator UI at http://localhost:4000                │
└─────────────────────────────────────────────────────────────┘

┌───────────┬────────────────┬─────────────────────────────────┐
│ Emulator  │ Host:Port      │ View in Emulator UI             │
├───────────┼────────────────┼─────────────────────────────────┤
│ Functions │ localhost:5001 │ http://localhost:4000/functions │
├───────────┼────────────────┼─────────────────────────────────┤
│ Hosting   │ localhost:5000 │ n/a                             │
└───────────┴────────────────┴─────────────────────────────────┘
  Emulator Hub running at localhost:4400
  Other reserved ports: 4500

Issues? Report them at https://github.com/firebase/firebase-tools/issues and attach the *-debug.log files.
 
[debug] [2021-08-18T13:09:16.501Z] [worker-~diagnostic~-688fea37-0fd8-46b9-bc8a-2da9b9bb0aac]: IDLE {"metadata":{"emulator":{"name":"functions"},"message":"[worker-~diagnostic~-688fea37-0fd8-46b9-bc8a-2da9b9bb0aac]: IDLE"}}
[debug] [2021-08-18T13:09:40.158Z] [work-queue] {"queueLength":1,"workRunningCount":0}
[debug] [2021-08-18T13:09:40.158Z] [work-queue] {"queueLength":0,"workRunningCount":1}
[debug] [2021-08-18T13:09:40.159Z] Accepted request POST /clone-76120/us-central1/api/payments/create?total=20329 --> us-central1-api
[debug] [2021-08-18T13:09:40.165Z] [worker-pool] addWorker(us-central1-api) {"metadata":{"emulator":{"name":"functions"},"message":"[worker-pool] addWorker(us-central1-api)"}}
[debug] [2021-08-18T13:09:40.166Z] [worker-pool] Adding worker with key us-central1-api, total=1 {"metadata":{"emulator":{"name":"functions"},"message":"[worker-pool] Adding worker with key us-central1-api, total=1"}}
[debug] [2021-08-18T13:09:40.166Z] [worker-pool] submitWork(triggerId=us-central1-api) {"metadata":{"emulator":{"name":"functions"},"message":"[worker-pool] submitWork(triggerId=us-central1-api)"}}
[debug] [2021-08-18T13:09:40.166Z] [worker-us-central1-api-ad2fcfdf-fdca-4960-82e1-d361f6962625]: Assigning socketPath: /tmp/fire_emu_43040.sock {"metadata":{"emulator":{"name":"functions"},"message":"[worker-us-central1-api-ad2fcfdf-fdca-4960-82e1-d361f6962625]: Assigning socketPath: /tmp/fire_emu_43040.sock"}}
[debug] [2021-08-18T13:09:40.166Z] [worker-us-central1-api-ad2fcfdf-fdca-4960-82e1-d361f6962625]: BUSY {"metadata":{"emulator":{"name":"functions"},"message":"[worker-us-central1-api-ad2fcfdf-fdca-4960-82e1-d361f6962625]: BUSY"}}
[debug] [2021-08-18T13:09:40.454Z] [runtime-status] [43040] Functions runtime initialized. {"cwd":"/home/sadat/Desktop/Projects/React/amazon-clone/amazon-clone/functions","node_version":"12.22.5"} {"metadata":{"emulator":{"name":"functions"},"function":{"name":"us-central1-api"},"message":"[runtime-status] [43040] Functions runtime initialized. {\"cwd\":\"/home/sadat/Desktop/Projects/React/amazon-clone/amazon-clone/functions\",\"node_version\":\"12.22.5\"}"}}
[debug] [2021-08-18T13:09:40.458Z] [runtime-status] [43040] Disabled runtime features: undefined {"metadata":{"emulator":{"name":"functions"},"function":{"name":"us-central1-api"},"message":"[runtime-status] [43040] Disabled runtime features: undefined"}}
[debug] [2021-08-18T13:09:40.459Z] [runtime-status] [43040] Resolved module firebase-admin {"declared":true,"installed":true,"version":"9.11.0","resolution":"/home/sadat/Desktop/Projects/React/amazon-clone/amazon-clone/functions/node_modules/firebase-admin/lib/index.js"} {"metadata":{"emulator":{"name":"functions"},"function":{"name":"us-central1-api"},"message":"[runtime-status] [43040] Resolved module firebase-admin {\"declared\":true,\"installed\":true,\"version\":\"9.11.0\",\"resolution\":\"/home/sadat/Desktop/Projects/React/amazon-clone/amazon-clone/functions/node_modules/firebase-admin/lib/index.js\"}"}}
[debug] [2021-08-18T13:09:40.462Z] [runtime-status] [43040] Resolved module firebase-functions {"declared":true,"installed":true,"version":"3.15.4","resolution":"/home/sadat/Desktop/Projects/React/amazon-clone/amazon-clone/functions/node_modules/firebase-functions/lib/index.js"} {"metadata":{"emulator":{"name":"functions"},"function":{"name":"us-central1-api"},"message":"[runtime-status] [43040] Resolved module firebase-functions {\"declared\":true,\"installed\":true,\"version\":\"3.15.4\",\"resolution\":\"/home/sadat/Desktop/Projects/React/amazon-clone/amazon-clone/functions/node_modules/firebase-functions/lib/index.js\"}"}}
[debug] [2021-08-18T13:09:40.464Z] [runtime-status] [43040] Resolved module firebase-functions {"declared":true,"installed":true,"version":"3.15.4","resolution":"/home/sadat/Desktop/Projects/React/amazon-clone/amazon-clone/functions/node_modules/firebase-functions/lib/index.js"} {"metadata":{"emulator":{"name":"functions"},"function":{"name":"us-central1-api"},"message":"[runtime-status] [43040] Resolved module firebase-functions {\"declared\":true,\"installed\":true,\"version\":\"3.15.4\",\"resolution\":\"/home/sadat/Desktop/Projects/React/amazon-clone/amazon-clone/functions/node_modules/firebase-functions/lib/index.js\"}"}}
[debug] [2021-08-18T13:09:40.468Z] [runtime-status] [43040] Outgoing network have been stubbed. [{"name":"http","status":"mocked"},{"name":"http","status":"mocked"},{"name":"https","status":"mocked"},{"name":"https","status":"mocked"},{"name":"net","status":"mocked"}] {"metadata":{"emulator":{"name":"functions"},"function":{"name":"us-central1-api"},"message":"[runtime-status] [43040] Outgoing network have been stubbed. [{\"name\":\"http\",\"status\":\"mocked\"},{\"name\":\"http\",\"status\":\"mocked\"},{\"name\":\"https\",\"status\":\"mocked\"},{\"name\":\"https\",\"status\":\"mocked\"},{\"name\":\"net\",\"status\":\"mocked\"}]"}}
[debug] [2021-08-18T13:09:40.469Z] [runtime-status] [43040] Resolved module firebase-functions {"declared":true,"installed":true,"version":"3.15.4","resolution":"/home/sadat/Desktop/Projects/React/amazon-clone/amazon-clone/functions/node_modules/firebase-functions/lib/index.js"} {"metadata":{"emulator":{"name":"functions"},"function":{"name":"us-central1-api"},"message":"[runtime-status] [43040] Resolved module firebase-functions {\"declared\":true,\"installed\":true,\"version\":\"3.15.4\",\"resolution\":\"/home/sadat/Desktop/Projects/React/amazon-clone/amazon-clone/functions/node_modules/firebase-functions/lib/index.js\"}"}}
[debug] [2021-08-18T13:09:40.506Z] [runtime-status] [43040] Checked functions.config() {"config":{}} {"metadata":{"emulator":{"name":"functions"},"function":{"name":"us-central1-api"},"message":"[runtime-status] [43040] Checked functions.config() {\"config\":{}}"}}
[debug] [2021-08-18T13:09:40.507Z] [runtime-status] [43040] firebase-functions has been stubbed. {"functionsResolution":{"declared":true,"installed":true,"version":"3.15.4","resolution":"/home/sadat/Desktop/Projects/React/amazon-clone/amazon-clone/functions/node_modules/firebase-functions/lib/index.js"}} {"metadata":{"emulator":{"name":"functions"},"function":{"name":"us-central1-api"},"message":"[runtime-status] [43040] firebase-functions has been stubbed. {\"functionsResolution\":{\"declared\":true,\"installed\":true,\"version\":\"3.15.4\",\"resolution\":\"/home/sadat/Desktop/Projects/React/amazon-clone/amazon-clone/functions/node_modules/firebase-functions/lib/index.js\"}}"}}
[debug] [2021-08-18T13:09:40.507Z] [runtime-status] [43040] Resolved module firebase-functions {"declared":true,"installed":true,"version":"3.15.4","resolution":"/home/sadat/Desktop/Projects/React/amazon-clone/amazon-clone/functions/node_modules/firebase-functions/lib/index.js"} {"metadata":{"emulator":{"name":"functions"},"function":{"name":"us-central1-api"},"message":"[runtime-status] [43040] Resolved module firebase-functions {\"declared\":true,\"installed\":true,\"version\":\"3.15.4\",\"resolution\":\"/home/sadat/Desktop/Projects/React/amazon-clone/amazon-clone/functions/node_modules/firebase-functions/lib/index.js\"}"}}
[debug] [2021-08-18T13:09:40.508Z] [runtime-status] [43040] Resolved module firebase-admin {"declared":true,"installed":true,"version":"9.11.0","resolution":"/home/sadat/Desktop/Projects/React/amazon-clone/amazon-clone/functions/node_modules/firebase-admin/lib/index.js"} {"metadata":{"emulator":{"name":"functions"},"function":{"name":"us-central1-api"},"message":"[runtime-status] [43040] Resolved module firebase-admin {\"declared\":true,\"installed\":true,\"version\":\"9.11.0\",\"resolution\":\"/home/sadat/Desktop/Projects/React/amazon-clone/amazon-clone/functions/node_modules/firebase-admin/lib/index.js\"}"}}
[debug] [2021-08-18T13:09:40.509Z] [runtime-status] [43040] Resolved module firebase-functions {"declared":true,"installed":true,"version":"3.15.4","resolution":"/home/sadat/Desktop/Projects/React/amazon-clone/amazon-clone/functions/node_modules/firebase-functions/lib/index.js"} {"metadata":{"emulator":{"name":"functions"},"function":{"name":"us-central1-api"},"message":"[runtime-status] [43040] Resolved module firebase-functions {\"declared\":true,\"installed\":true,\"version\":\"3.15.4\",\"resolution\":\"/home/sadat/Desktop/Projects/React/amazon-clone/amazon-clone/functions/node_modules/firebase-functions/lib/index.js\"}"}}
[debug] [2021-08-18T13:09:40.509Z] [runtime-status] [43040] firebase-admin has been stubbed. {"adminResolution":{"declared":true,"installed":true,"version":"9.11.0","resolution":"/home/sadat/Desktop/Projects/React/amazon-clone/amazon-clone/functions/node_modules/firebase-admin/lib/index.js"}} {"metadata":{"emulator":{"name":"functions"},"function":{"name":"us-central1-api"},"message":"[runtime-status] [43040] firebase-admin has been stubbed. {\"adminResolution\":{\"declared\":true,\"installed\":true,\"version\":\"9.11.0\",\"resolution\":\"/home/sadat/Desktop/Projects/React/amazon-clone/amazon-clone/functions/node_modules/firebase-admin/lib/index.js\"}}"}}
[debug] [2021-08-18T13:09:40.606Z] [runtime-status] [43040] Trigger "us-central1-api" has been found, beginning invocation! {"metadata":{"emulator":{"name":"functions"},"function":{"name":"us-central1-api"},"message":"[runtime-status] [43040] Trigger \"us-central1-api\" has been found, beginning invocation!"}}
[info] i  functions: Beginning execution of "us-central1-api" {"metadata":{"emulator":{"name":"functions"},"function":{"name":"us-central1-api"},"message":"Beginning execution of \"us-central1-api\""}}
[debug] [2021-08-18T13:09:40.608Z] [runtime-status] [43040] triggerDefinition {"httpsTrigger":{},"name":"api","entryPoint":"api","regions":["us-central1"],"region":"us-central1","id":"us-central1-api"} {"metadata":{"emulator":{"name":"functions"},"function":{"name":"us-central1-api"},"message":"[runtime-status] [43040] triggerDefinition {\"httpsTrigger\":{},\"name\":\"api\",\"entryPoint\":\"api\",\"regions\":[\"us-central1\"],\"region\":\"us-central1\",\"id\":\"us-central1-api\"}"}}
[debug] [2021-08-18T13:09:40.608Z] [runtime-status] [43040] Running us-central1-api in mode HTTPS {"metadata":{"emulator":{"name":"functions"},"function":{"name":"us-central1-api"},"message":"[runtime-status] [43040] Running us-central1-api in mode HTTPS"}}
[debug] [2021-08-18T13:09:40.611Z] [runtime-status] [43040] Attempting to listen to socketPath: /tmp/fire_emu_43040.sock {"metadata":{"emulator":{"name":"functions"},"function":{"name":"us-central1-api"},"message":"[runtime-status] [43040] Attempting to listen to socketPath: /tmp/fire_emu_43040.sock"}}
[debug] [2021-08-18T13:09:40.617Z] [functions] Runtime ready! Sending request! {"metadata":{"emulator":{"name":"functions"},"message":"[functions] Runtime ready! Sending request!"}}
[debug] [2021-08-18T13:09:40.618Z] [functions] Got req.url=/clone-76120/us-central1/api/payments/create?total=20329, mapping to path=/payments/create?total=20329 {"metadata":{"emulator":{"name":"functions"},"message":"[functions] Got req.url=/clone-76120/us-central1/api/payments/create?total=20329, mapping to path=/payments/create?total=20329"}}
[debug] [2021-08-18T13:09:40.629Z] [runtime-status] [43040] Ephemeral server handling POST request {"metadata":{"emulator":{"name":"functions"},"function":{"name":"us-central1-api"},"message":"[runtime-status] [43040] Ephemeral server handling POST request"}}
[info] >  Payment request recieved BOOOM!!!! 20329 {"user":"Payment request recieved BOOOM!!!! 20329","metadata":{"emulator":{"name":"functions"},"function":{"name":"us-central1-api"},"message":"\u001b[90m> \u001b[39m Payment request recieved BOOOM!!!! 20329"}}
[debug] [2021-08-18T13:09:40.640Z] [runtime-status] [43040] Ephemeral server survived. {"metadata":{"emulator":{"name":"functions"},"function":{"name":"us-central1-api"},"message":"[runtime-status] [43040] Ephemeral server survived."}}
[info] i  functions: Finished "us-central1-api" in ~1s {"metadata":{"emulator":{"name":"functions"},"function":{"name":"us-central1-api"},"message":"Finished \"us-central1-api\" in ~1s"}}
[debug] [2021-08-18T13:09:41.160Z] [worker-us-central1-api-ad2fcfdf-fdca-4960-82e1-d361f6962625]: IDLE {"metadata":{"emulator":{"name":"functions"},"message":"[worker-us-central1-api-ad2fcfdf-fdca-4960-82e1-d361f6962625]: IDLE"}}
[debug] [2021-08-18T13:09:41.160Z] [work-queue] {"queueLength":0,"workRunningCount":0}
[debug] [2021-08-18T13:55:03.917Z] [work-queue] {"queueLength":1,"workRunningCount":0}
[debug] [2021-08-18T13:55:03.917Z] [work-queue] {"queueLength":0,"workRunningCount":1}
[debug] [2021-08-18T13:55:03.917Z] Accepted request POST /clone-76120/us-central1/api/payments/create?total=19329 --> us-central1-api
[debug] [2021-08-18T13:55:03.918Z] [worker-pool] submitWork(triggerId=us-central1-api) {"metadata":{"emulator":{"name":"functions"},"message":"[worker-pool] submitWork(triggerId=us-central1-api)"}}
[debug] [2021-08-18T13:55:03.918Z] [worker-us-central1-api-ad2fcfdf-fdca-4960-82e1-d361f6962625]: Assigning socketPath: /tmp/fire_emu_43040.sock {"metadata":{"emulator":{"name":"functions"},"message":"[worker-us-central1-api-ad2fcfdf-fdca-4960-82e1-d361f6962625]: Assigning socketPath: /tmp/fire_emu_43040.sock"}}
[debug] [2021-08-18T13:55:03.918Z] [worker-us-central1-api-ad2fcfdf-fdca-4960-82e1-d361f6962625]: BUSY {"metadata":{"emulator":{"name":"functions"},"message":"[worker-us-central1-api-ad2fcfdf-fdca-4960-82e1-d361f6962625]: BUSY"}}
[debug] [2021-08-18T13:55:03.922Z] [runtime-status] [43040] Trigger "us-central1-api" has been found, beginning invocation! {"metadata":{"emulator":{"name":"functions"},"function":{"name":"us-central1-api"},"message":"[runtime-status] [43040] Trigger \"us-central1-api\" has been found, beginning invocation!"}}
[info] i  functions: Beginning execution of "us-central1-api" {"metadata":{"emulator":{"name":"functions"},"function":{"name":"us-central1-api"},"message":"Beginning execution of \"us-central1-api\""}}
[debug] [2021-08-18T13:55:03.923Z] [runtime-status] [43040] triggerDefinition {"httpsTrigger":{},"name":"api","entryPoint":"api","regions":["us-central1"],"region":"us-central1","id":"us-central1-api"} {"metadata":{"emulator":{"name":"functions"},"function":{"name":"us-central1-api"},"message":"[runtime-status] [43040] triggerDefinition {\"httpsTrigger\":{},\"name\":\"api\",\"entryPoint\":\"api\",\"regions\":[\"us-central1\"],\"region\":\"us-central1\",\"id\":\"us-central1-api\"}"}}
[debug] [2021-08-18T13:55:03.923Z] [runtime-status] [43040] Running us-central1-api in mode HTTPS {"metadata":{"emulator":{"name":"functions"},"function":{"name":"us-central1-api"},"message":"[runtime-status] [43040] Running us-central1-api in mode HTTPS"}}
[debug] [2021-08-18T13:55:03.923Z] [runtime-status] [43040] Attempting to listen to socketPath: /tmp/fire_emu_43040.sock {"metadata":{"emulator":{"name":"functions"},"function":{"name":"us-central1-api"},"message":"[runtime-status] [43040] Attempting to listen to socketPath: /tmp/fire_emu_43040.sock"}}
[debug] [2021-08-18T13:55:03.924Z] [functions] Runtime ready! Sending request! {"metadata":{"emulator":{"name":"functions"},"message":"[functions] Runtime ready! Sending request!"}}
[debug] [2021-08-18T13:55:03.924Z] [functions] Got req.url=/clone-76120/us-central1/api/payments/create?total=19329, mapping to path=/payments/create?total=19329 {"metadata":{"emulator":{"name":"functions"},"message":"[functions] Got req.url=/clone-76120/us-central1/api/payments/create?total=19329, mapping to path=/payments/create?total=19329"}}
[debug] [2021-08-18T13:55:03.929Z] [runtime-status] [43040] Ephemeral server handling POST request {"metadata":{"emulator":{"name":"functions"},"function":{"name":"us-central1-api"},"message":"[runtime-status] [43040] Ephemeral server handling POST request"}}
[info] >  Payment request recieved BOOOM!!!! 19329 {"user":"Payment request recieved BOOOM!!!! 19329","metadata":{"emulator":{"name":"functions"},"function":{"name":"us-central1-api"},"message":"\u001b[90m> \u001b[39m Payment request recieved BOOOM!!!! 19329"}}
[debug] [2021-08-18T13:55:03.935Z] [runtime-status] [43040] Ephemeral server survived. {"metadata":{"emulator":{"name":"functions"},"function":{"name":"us-central1-api"},"message":"[runtime-status] [43040] Ephemeral server survived."}}
[info] i  functions: Finished "us-central1-api" in ~1s {"metadata":{"emulator":{"name":"functions"},"function":{"name":"us-central1-api"},"message":"Finished \"us-central1-api\" in ~1s"}}
[debug] [2021-08-18T13:55:04.404Z] [worker-us-central1-api-ad2fcfdf-fdca-4960-82e1-d361f6962625]: IDLE {"metadata":{"emulator":{"name":"functions"},"message":"[worker-us-central1-api-ad2fcfdf-fdca-4960-82e1-d361f6962625]: IDLE"}}
[debug] [2021-08-18T13:55:04.405Z] [work-queue] {"queueLength":0,"workRunningCount":0}
